current directory: /Users/morimotokouki/Foods-1/vender/bundle/ruby/2.7.0/gems/msgpack-1.5.6/ext/msgpack
/Users/morimotokouki/.rbenv/versions/2.7.6/bin/ruby -I /Users/morimotokouki/.rbenv/versions/2.7.6/lib/ruby/2.7.0 -r ./siteconf20221130-13909-2vm16t.rb extconf.rb
checking for ruby/st.h... yes
checking for st.h... yes
checking for rb_enc_interned_str() in ruby.h... no
checking for rb_hash_new_capa() in ruby.h... no
creating Makefile

current directory: /Users/morimotokouki/Foods-1/vender/bundle/ruby/2.7.0/gems/msgpack-1.5.6/ext/msgpack
make "DESTDIR=" clean

current directory: /Users/morimotokouki/Foods-1/vender/bundle/ruby/2.7.0/gems/msgpack-1.5.6/ext/msgpack
make "DESTDIR="
compiling buffer.c
compiling buffer_class.c
compiling extension_value_class.c
compiling factory_class.c
compiling packer.c
compiling packer_class.c
compiling packer_ext_registry.c
compiling rbinit.c
compiling rmem.c
compiling unpacker.c
compiling unpacker_class.c
compiling unpacker_ext_registry.c
linking shared-object msgpack/msgpack.bundle

current directory: /Users/morimotokouki/Foods-1/vender/bundle/ruby/2.7.0/gems/msgpack-1.5.6/ext/msgpack
make "DESTDIR=" install
/usr/bin/install -c -m 0755 msgpack.bundle ./.gem.20221130-13909-t1iyco/msgpack
